<?xml version="1.0" encoding="UTF-8"?>
<testsuite xmlns:xsi="http://www.w3.org/2001/XMLSchema-instance" xsi:noNamespaceSchemaLocation="https://maven.apache.org/surefire/maven-surefire-plugin/xsd/surefire-test-report.xsd" version="3.0.2" name="demo.MainTest$RepositoryTest" time="0.028" tests="4" errors="0" skipped="0" failures="0">
  <properties>
[...]
</properties>
  <testcase name="findByDone" classname="demo.MainTest$RepositoryTest" time="0.003"/>
  <testcase name="saveAndFind" classname="demo.MainTest$RepositoryTest" time="0.016"/>
  <testcase name="findByIdNotFound" classname="demo.MainTest$RepositoryTest" time="0.002"/>
  <testcase name="deleteById" classname="demo.MainTest$RepositoryTest" time="0.002"/>
</testsuite>